# JRE version: Java(TM) SE Runtime Environment (8.0_45-b14) (build 1.8.0_45-b14)
# Java VM: Java HotSpot(TM) 64-Bit Server VM (25.45-b02 mixed mode windows-amd64 compressed oops)
Heap:
 PSYoungGen      total 680960K, used 5007K [0x00000000d6180000, 0x0000000100000000, 0x0000000100000000)
  eden space 675328K, 0% used [0x00000000d6180000,0x00000000d6180000,0x00000000ff500000)
  from space 5632K, 88% used [0x00000000ff500000,0x00000000ff9e3d70,0x00000000ffa80000)
  to   space 5632K, 0% used [0x00000000ffa80000,0x00000000ffa80000,0x0000000100000000)
 ParOldGen       total 86016K, used 86002K [0x0000000082400000, 0x0000000087800000, 0x00000000d6180000)
  object space 86016K, 99% used [0x0000000082400000,0x00000000877fca70,0x0000000087800000)
 Metaspace       used 5754K, capacity 5876K, committed 6016K, reserved 1056768K
  class space    used 732K, capacity 780K, committed 896K, reserved 1048576K
GC Heap History (10 events):
Event: 1537.564 GC heap after
Heap after GC invocations=1213 (full 0):
 PSYoungGen      total 680960K, used 4998K [0x00000000d6180000, 0x0000000100000000, 0x0000000100000000)
  eden space 675328K, 0% used [0x00000000d6180000,0x00000000d6180000,0x00000000ff500000)
  from space 5632K, 88% used [0x00000000ff500000,0x00000000ff9e1b60,0x00000000ffa80000)
  to   space 5632K, 0% used [0x00000000ffa80000,0x00000000ffa80000,0x0000000100000000)
 ParOldGen       total 86016K, used 85938K [0x0000000082400000, 0x0000000087800000, 0x00000000d6180000)
  object space 86016K, 99% used [0x0000000082400000,0x00000000877eca70,0x0000000087800000)
 Metaspace       used 5754K, capacity 5876K, committed 6016K, reserved 1056768K
  class space    used 732K, capacity 780K, committed 896K, reserved 1048576K
}
Event: 1539.640 GC heap before
{Heap before GC invocations=1214 (full 0):
 PSYoungGen      total 680960K, used 679905K [0x00000000d6180000, 0x0000000100000000, 0x0000000100000000)
  eden space 675328K, 99% used [0x00000000d6180000,0x00000000ff496958,0x00000000ff500000)
  from space 5632K, 88% used [0x00000000ff500000,0x00000000ff9e1b60,0x00000000ffa80000)
  to   space 5632K, 0% used [0x00000000ffa80000,0x00000000ffa80000,0x0000000100000000)
 ParOldGen       total 86016K, used 85938K [0x0000000082400000, 0x0000000087800000, 0x00000000d6180000)
  object space 86016K, 99% used [0x0000000082400000,0x00000000877eca70,0x0000000087800000)
 Metaspace       used 5754K, capacity 5876K, committed 6016K, reserved 1056768K
  class space    used 732K, capacity 780K, committed 896K, reserved 1048576K
Event: 1539.710 GC heap after
Heap after GC invocations=1214 (full 0):
 PSYoungGen      total 680960K, used 4968K [0x00000000d6180000, 0x0000000100000000, 0x0000000100000000)
  eden space 675328K, 0% used [0x00000000d6180000,0x00000000d6180000,0x00000000ff500000)
  from space 5632K, 88% used [0x00000000ffa80000,0x00000000fff5a3f0,0x0000000100000000)
  to   space 5632K, 0% used [0x00000000ff500000,0x00000000ff500000,0x00000000ffa80000)
 ParOldGen       total 86016K, used 85954K [0x0000000082400000, 0x0000000087800000, 0x00000000d6180000)
  object space 86016K, 99% used [0x0000000082400000,0x00000000877f0a70,0x0000000087800000)
 Metaspace       used 5754K, capacity 5876K, committed 6016K, reserved 1056768K
  class space    used 732K, capacity 780K, committed 896K, reserved 1048576K
}
Event: 1541.633 GC heap before
{Heap before GC invocations=1215 (full 0):
 PSYoungGen      total 680960K, used 680161K [0x00000000d6180000, 0x0000000100000000, 0x0000000100000000)
  eden space 675328K, 99% used [0x00000000d6180000,0x00000000ff4de168,0x00000000ff500000)
  from space 5632K, 88% used [0x00000000ffa80000,0x00000000fff5a3f0,0x0000000100000000)
  to   space 5632K, 0% used [0x00000000ff500000,0x00000000ff500000,0x00000000ffa80000)
 ParOldGen       total 86016K, used 85954K [0x0000000082400000, 0x0000000087800000, 0x00000000d6180000)
  object space 86016K, 99% used [0x0000000082400000,0x00000000877f0a70,0x0000000087800000)
 Metaspace       used 5754K, capacity 5876K, committed 6016K, reserved 1056768K
  class space    used 732K, capacity 780K, committed 896K, reserved 1048576K
Event: 1541.707 GC heap after
Heap after GC invocations=1215 (full 0):
 PSYoungGen      total 680960K, used 5003K [0x00000000d6180000, 0x0000000100000000, 0x0000000100000000)
  eden space 675328K, 0% used [0x00000000d6180000,0x00000000d6180000,0x00000000ff500000)
  from space 5632K, 88% used [0x00000000ff500000,0x00000000ff9e2c70,0x00000000ffa80000)
  to   space 5632K, 0% used [0x00000000ffa80000,0x00000000ffa80000,0x0000000100000000)
 ParOldGen       total 86016K, used 85970K [0x0000000082400000, 0x0000000087800000, 0x00000000d6180000)
  object space 86016K, 99% used [0x0000000082400000,0x00000000877f4a70,0x0000000087800000)
 Metaspace       used 5754K, capacity 5876K, committed 6016K, reserved 1056768K
  class space    used 732K, capacity 780K, committed 896K, reserved 1048576K
}
Event: 1543.876 GC heap before
{Heap before GC invocations=1216 (full 0):
 PSYoungGen      total 680960K, used 678010K [0x00000000d6180000, 0x0000000100000000, 0x0000000100000000)
  eden space 675328K, 99% used [0x00000000d6180000,0x00000000ff2bbe50,0x00000000ff500000)
  from space 5632K, 88% used [0x00000000ff500000,0x00000000ff9e2c70,0x00000000ffa80000)
  to   space 5632K, 0% used [0x00000000ffa80000,0x00000000ffa80000,0x0000000100000000)
 ParOldGen       total 86016K, used 85970K [0x0000000082400000, 0x0000000087800000, 0x00000000d6180000)
  object space 86016K, 99% used [0x0000000082400000,0x00000000877f4a70,0x0000000087800000)
 Metaspace       used 5754K, capacity 5876K, committed 6016K, reserved 1056768K
  class space    used 732K, capacity 780K, committed 896K, reserved 1048576K
Event: 1543.920 GC heap after
Heap after GC invocations=1216 (full 0):
 PSYoungGen      total 680960K, used 4973K [0x00000000d6180000, 0x0000000100000000, 0x0000000100000000)
  eden space 675328K, 0% used [0x00000000d6180000,0x00000000d6180000,0x00000000ff500000)
  from space 5632K, 88% used [0x00000000ffa80000,0x00000000fff5b4f0,0x0000000100000000)
  to   space 5632K, 0% used [0x00000000ff500000,0x00000000ff500000,0x00000000ffa80000)
 ParOldGen       total 86016K, used 85986K [0x0000000082400000, 0x0000000087800000, 0x00000000d6180000)
  object space 86016K, 99% used [0x0000000082400000,0x00000000877f8a70,0x0000000087800000)
 Metaspace       used 5754K, capacity 5876K, committed 6016K, reserved 1056768K
  class space    used 732K, capacity 780K, committed 896K, reserved 1048576K
}
Event: 1545.878 GC heap before
{Heap before GC invocations=1217 (full 0):
 PSYoungGen      total 680960K, used 678264K [0x00000000d6180000, 0x0000000100000000, 0x0000000100000000)
  eden space 675328K, 99% used [0x00000000d6180000,0x00000000ff302d38,0x00000000ff500000)
  from space 5632K, 88% used [0x00000000ffa80000,0x00000000fff5b4f0,0x0000000100000000)
  to   space 5632K, 0% used [0x00000000ff500000,0x00000000ff500000,0x00000000ffa80000)
 ParOldGen       total 86016K, used 85986K [0x0000000082400000, 0x0000000087800000, 0x00000000d6180000)
  object space 86016K, 99% used [0x0000000082400000,0x00000000877f8a70,0x0000000087800000)
 Metaspace       used 5754K, capacity 5876K, committed 6016K, reserved 1056768K
  class space    used 732K, capacity 780K, committed 896K, reserved 1048576K
Event: 1545.961 GC heap after
Heap after GC invocations=1217 (full 0):
 PSYoungGen      total 680960K, used 5007K [0x00000000d6180000, 0x0000000100000000, 0x0000000100000000)
  eden space 675328K, 0% used [0x00000000d6180000,0x00000000d6180000,0x00000000ff500000)
  from space 5632K, 88% used [0x00000000ff500000,0x00000000ff9e3d70,0x00000000ffa80000)
  to   space 5632K, 0% used [0x00000000ffa80000,0x00000000ffa80000,0x0000000100000000)
 ParOldGen       total 86016K, used 86002K [0x0000000082400000, 0x0000000087800000, 0x00000000d6180000)
  object space 86016K, 99% used [0x0000000082400000,0x00000000877fca70,0x0000000087800000)
 Metaspace       used 5754K, capacity 5876K, committed 6016K, reserved 1056768K
  class space    used 732K, capacity 780K, committed 896K, reserved 1048576K
}
Event: 1546.048 GC heap before
{Heap before GC invocations=1218 (full 1):
 PSYoungGen      total 680960K, used 5007K [0x00000000d6180000, 0x0000000100000000, 0x0000000100000000)
  eden space 675328K, 0% used [0x00000000d6180000,0x00000000d6180000,0x00000000ff500000)
  from space 5632K, 88% used [0x00000000ff500000,0x00000000ff9e3d70,0x00000000ffa80000)
  to   space 5632K, 0% used [0x00000000ffa80000,0x00000000ffa80000,0x0000000100000000)
 ParOldGen       total 86016K, used 86002K [0x0000000082400000, 0x0000000087800000, 0x00000000d6180000)
  object space 86016K, 99% used [0x0000000082400000,0x00000000877fca70,0x0000000087800000)
 Metaspace       used 5754K, capacity 5876K, committed 6016K, reserved 1056768K
  class space    used 732K, capacity 780K, committed 896K, reserved 1048576K

