# JRE version: Java(TM) SE Runtime Environment (8.0_45-b14) (build 1.8.0_45-b14)
# Java VM: Java HotSpot(TM) 64-Bit Server VM (25.45-b02 mixed mode windows-amd64 compressed oops)
Heap:
 PSYoungGen      total 70656K, used 70646K [0x00000000d6180000, 0x00000000dab80000, 0x0000000100000000)
  eden space 65536K, 100% used [0x00000000d6180000,0x00000000da180000,0x00000000da180000)
  from space 5120K, 99% used [0x00000000da680000,0x00000000dab7db30,0x00000000dab80000)
  to   space 5120K, 99% used [0x00000000da180000,0x00000000da67fb98,0x00000000da680000)
 ParOldGen       total 610816K, used 538659K [0x0000000082400000, 0x00000000a7880000, 0x00000000d6180000)
  object space 610816K, 88% used [0x0000000082400000,0x00000000a3208de8,0x00000000a7880000)
 Metaspace       used 8362K, capacity 8532K, committed 8576K, reserved 1056768K
  class space    used 1060K, capacity 1112K, committed 1152K, reserved 1048576K
GC Heap History (9 events):
Event: 9.872 GC heap before
{Heap before GC invocations=1 (full 0):
 PSYoungGen      total 37888K, used 32768K [0x00000000d6180000, 0x00000000d8b80000, 0x0000000100000000)
  eden space 32768K, 100% used [0x00000000d6180000,0x00000000d8180000,0x00000000d8180000)
  from space 5120K, 0% used [0x00000000d8680000,0x00000000d8680000,0x00000000d8b80000)
  to   space 5120K, 0% used [0x00000000d8180000,0x00000000d8180000,0x00000000d8680000)
 ParOldGen       total 86016K, used 0K [0x0000000082400000, 0x0000000087800000, 0x00000000d6180000)
  object space 86016K, 0% used [0x0000000082400000,0x0000000082400000,0x0000000087800000)
 Metaspace       used 7786K, capacity 7892K, committed 8064K, reserved 1056768K
  class space    used 997K, capacity 1048K, committed 1152K, reserved 1048576K
Event: 9.879 GC heap after
Heap after GC invocations=1 (full 0):
 PSYoungGen      total 37888K, used 5104K [0x00000000d6180000, 0x00000000d8b80000, 0x0000000100000000)
  eden space 32768K, 0% used [0x00000000d6180000,0x00000000d6180000,0x00000000d8180000)
  from space 5120K, 99% used [0x00000000d8180000,0x00000000d867c2b0,0x00000000d8680000)
  to   space 5120K, 0% used [0x00000000d8680000,0x00000000d8680000,0x00000000d8b80000)
 ParOldGen       total 86016K, used 1589K [0x0000000082400000, 0x0000000087800000, 0x00000000d6180000)
  object space 86016K, 1% used [0x0000000082400000,0x000000008258d598,0x0000000087800000)
 Metaspace       used 7786K, capacity 7892K, committed 8064K, reserved 1056768K
  class space    used 997K, capacity 1048K, committed 1152K, reserved 1048576K
}
Event: 9.991 GC heap before
{Heap before GC invocations=2 (full 0):
 PSYoungGen      total 37888K, used 37872K [0x00000000d6180000, 0x00000000d8b80000, 0x0000000100000000)
  eden space 32768K, 100% used [0x00000000d6180000,0x00000000d8180000,0x00000000d8180000)
  from space 5120K, 99% used [0x00000000d8180000,0x00000000d867c2b0,0x00000000d8680000)
  to   space 5120K, 0% used [0x00000000d8680000,0x00000000d8680000,0x00000000d8b80000)
 ParOldGen       total 86016K, used 1589K [0x0000000082400000, 0x0000000087800000, 0x00000000d6180000)
  object space 86016K, 1% used [0x0000000082400000,0x000000008258d598,0x0000000087800000)
 Metaspace       used 7787K, capacity 7892K, committed 8064K, reserved 1056768K
  class space    used 997K, capacity 1048K, committed 1152K, reserved 1048576K
Event: 10.015 GC heap after
Heap after GC invocations=2 (full 0):
 PSYoungGen      total 37888K, used 5117K [0x00000000d6180000, 0x00000000dab80000, 0x0000000100000000)
  eden space 32768K, 0% used [0x00000000d6180000,0x00000000d6180000,0x00000000d8180000)
  from space 5120K, 99% used [0x00000000d8680000,0x00000000d8b7f690,0x00000000d8b80000)
  to   space 5120K, 0% used [0x00000000d8180000,0x00000000d8180000,0x00000000d8680000)
 ParOldGen       total 86016K, used 5173K [0x0000000082400000, 0x0000000087800000, 0x00000000d6180000)
  object space 86016K, 6% used [0x0000000082400000,0x000000008290d5b0,0x0000000087800000)
 Metaspace       used 7787K, capacity 7892K, committed 8064K, reserved 1056768K
  class space    used 997K, capacity 1048K, committed 1152K, reserved 1048576K
}
Event: 22.866 GC heap before
{Heap before GC invocations=3 (full 0):
 PSYoungGen      total 37888K, used 37885K [0x00000000d6180000, 0x00000000dab80000, 0x0000000100000000)
  eden space 32768K, 100% used [0x00000000d6180000,0x00000000d8180000,0x00000000d8180000)
  from space 5120K, 99% used [0x00000000d8680000,0x00000000d8b7f690,0x00000000d8b80000)
  to   space 5120K, 0% used [0x00000000d8180000,0x00000000d8180000,0x00000000d8680000)
 ParOldGen       total 86016K, used 5173K [0x0000000082400000, 0x0000000087800000, 0x00000000d6180000)
  object space 86016K, 6% used [0x0000000082400000,0x000000008290d5b0,0x0000000087800000)
 Metaspace       used 8353K, capacity 8532K, committed 8576K, reserved 1056768K
  class space    used 1060K, capacity 1112K, committed 1152K, reserved 1048576K
Event: 22.873 GC heap after
Heap after GC invocations=3 (full 0):
 PSYoungGen      total 37888K, used 5119K [0x00000000d6180000, 0x00000000dab80000, 0x0000000100000000)
  eden space 32768K, 0% used [0x00000000d6180000,0x00000000d6180000,0x00000000d8180000)
  from space 5120K, 99% used [0x00000000d8180000,0x00000000d867ff60,0x00000000d8680000)
  to   space 5120K, 0% used [0x00000000da680000,0x00000000da680000,0x00000000dab80000)
 ParOldGen       total 86016K, used 6925K [0x0000000082400000, 0x0000000087800000, 0x00000000d6180000)
  object space 86016K, 8% used [0x0000000082400000,0x0000000082ac3700,0x0000000087800000)
 Metaspace       used 8353K, capacity 8532K, committed 8576K, reserved 1056768K
  class space    used 1060K, capacity 1112K, committed 1152K, reserved 1048576K
}
Event: 22.935 GC heap before
{Heap before GC invocations=4 (full 0):
 PSYoungGen      total 37888K, used 37887K [0x00000000d6180000, 0x00000000dab80000, 0x0000000100000000)
  eden space 32768K, 100% used [0x00000000d6180000,0x00000000d8180000,0x00000000d8180000)
  from space 5120K, 99% used [0x00000000d8180000,0x00000000d867ff60,0x00000000d8680000)
  to   space 5120K, 0% used [0x00000000da680000,0x00000000da680000,0x00000000dab80000)
 ParOldGen       total 86016K, used 6925K [0x0000000082400000, 0x0000000087800000, 0x00000000d6180000)
  object space 86016K, 8% used [0x0000000082400000,0x0000000082ac3700,0x0000000087800000)
 Metaspace       used 8355K, capacity 8532K, committed 8576K, reserved 1056768K
  class space    used 1060K, capacity 1112K, committed 1152K, reserved 1048576K
Event: 22.957 GC heap after
Heap after GC invocations=4 (full 0):
 PSYoungGen      total 70656K, used 5110K [0x00000000d6180000, 0x00000000dab80000, 0x0000000100000000)
  eden space 65536K, 0% used [0x00000000d6180000,0x00000000d6180000,0x00000000da180000)
  from space 5120K, 99% used [0x00000000da680000,0x00000000dab7db30,0x00000000dab80000)
  to   space 5120K, 0% used [0x00000000da180000,0x00000000da180000,0x00000000da680000)
 ParOldGen       total 86016K, used 10253K [0x0000000082400000, 0x0000000087800000, 0x00000000d6180000)
  object space 86016K, 11% used [0x0000000082400000,0x0000000082e03700,0x0000000087800000)
 Metaspace       used 8355K, capacity 8532K, committed 8576K, reserved 1056768K
  class space    used 1060K, capacity 1112K, committed 1152K, reserved 1048576K
}
Event: 35.689 GC heap before
{Heap before GC invocations=5 (full 0):
 PSYoungGen      total 70656K, used 70646K [0x00000000d6180000, 0x00000000dab80000, 0x0000000100000000)
  eden space 65536K, 100% used [0x00000000d6180000,0x00000000da180000,0x00000000da180000)
  from space 5120K, 99% used [0x00000000da680000,0x00000000dab7db30,0x00000000dab80000)
  to   space 5120K, 0% used [0x00000000da180000,0x00000000da180000,0x00000000da680000)
 ParOldGen       total 86016K, used 10253K [0x0000000082400000, 0x0000000087800000, 0x00000000d6180000)
  object space 86016K, 11% used [0x0000000082400000,0x0000000082e03700,0x0000000087800000)
 Metaspace       used 8362K, capacity 8532K, committed 8576K, reserved 1056768K
  class space    used 1060K, capacity 1112K, committed 1152K, reserved 1048576K

