# JRE version: Java(TM) SE Runtime Environment (8.0_45-b14) (build 1.8.0_45-b14)
# Java VM: Java HotSpot(TM) 64-Bit Server VM (25.45-b02 mixed mode windows-amd64 compressed oops)
Heap:
 PSYoungGen      total 684032K, used 2269K [0x00000000d6180000, 0x0000000100000000, 0x0000000100000000)
  eden space 681472K, 0% used [0x00000000d6180000,0x00000000d6180000,0x00000000ffb00000)
  from space 2560K, 88% used [0x00000000ffd80000,0x00000000fffb76a0,0x0000000100000000)
  to   space 2560K, 0% used [0x00000000ffb00000,0x00000000ffb00000,0x00000000ffd80000)
 ParOldGen       total 69120K, used 67101K [0x0000000082400000, 0x0000000086780000, 0x00000000d6180000)
  object space 69120K, 97% used [0x0000000082400000,0x0000000086587770,0x0000000086780000)
 Metaspace       used 5746K, capacity 5876K, committed 6016K, reserved 1056768K
  class space    used 732K, capacity 780K, committed 896K, reserved 1048576K
GC Heap History (10 events):
Event: 478.430 GC heap after
Heap after GC invocations=1423 (full 3):
 PSYoungGen      total 683520K, used 2264K [0x00000000d6180000, 0x0000000100000000, 0x0000000100000000)
  eden space 680448K, 0% used [0x00000000d6180000,0x00000000d6180000,0x00000000ffa00000)
  from space 3072K, 73% used [0x00000000ffd00000,0x00000000fff363c0,0x0000000100000000)
  to   space 3072K, 0% used [0x00000000ffa00000,0x00000000ffa00000,0x00000000ffd00000)
 ParOldGen       total 69120K, used 62547K [0x0000000082400000, 0x0000000086780000, 0x00000000d6180000)
  object space 69120K, 90% used [0x0000000082400000,0x0000000086114ee8,0x0000000086780000)
 Metaspace       used 5746K, capacity 5876K, committed 6016K, reserved 1056768K
  class space    used 732K, capacity 780K, committed 896K, reserved 1048576K
}
Event: 478.962 GC heap before
{Heap before GC invocations=1424 (full 3):
 PSYoungGen      total 683520K, used 682712K [0x00000000d6180000, 0x0000000100000000, 0x0000000100000000)
  eden space 680448K, 100% used [0x00000000d6180000,0x00000000ffa00000,0x00000000ffa00000)
  from space 3072K, 73% used [0x00000000ffd00000,0x00000000fff363c0,0x0000000100000000)
  to   space 3072K, 0% used [0x00000000ffa00000,0x00000000ffa00000,0x00000000ffd00000)
 ParOldGen       total 69120K, used 62547K [0x0000000082400000, 0x0000000086780000, 0x00000000d6180000)
  object space 69120K, 90% used [0x0000000082400000,0x0000000086114ee8,0x0000000086780000)
 Metaspace       used 5746K, capacity 5876K, committed 6016K, reserved 1056768K
  class space    used 732K, capacity 780K, committed 896K, reserved 1048576K
Event: 478.966 GC heap after
Heap after GC invocations=1424 (full 3):
 PSYoungGen      total 683520K, used 2266K [0x00000000d6180000, 0x0000000100000000, 0x0000000100000000)
  eden space 680448K, 0% used [0x00000000d6180000,0x00000000d6180000,0x00000000ffa00000)
  from space 3072K, 73% used [0x00000000ffa00000,0x00000000ffc36878,0x00000000ffd00000)
  to   space 3072K, 0% used [0x00000000ffd00000,0x00000000ffd00000,0x0000000100000000)
 ParOldGen       total 69120K, used 62571K [0x0000000082400000, 0x0000000086780000, 0x00000000d6180000)
  object space 69120K, 90% used [0x0000000082400000,0x000000008611aee8,0x0000000086780000)
 Metaspace       used 5746K, capacity 5876K, committed 6016K, reserved 1056768K
  class space    used 732K, capacity 780K, committed 896K, reserved 1048576K
}
Event: 479.451 GC heap before
{Heap before GC invocations=1425 (full 3):
 PSYoungGen      total 683520K, used 682714K [0x00000000d6180000, 0x0000000100000000, 0x0000000100000000)
  eden space 680448K, 100% used [0x00000000d6180000,0x00000000ffa00000,0x00000000ffa00000)
  from space 3072K, 73% used [0x00000000ffa00000,0x00000000ffc36878,0x00000000ffd00000)
  to   space 3072K, 0% used [0x00000000ffd00000,0x00000000ffd00000,0x0000000100000000)
 ParOldGen       total 69120K, used 62571K [0x0000000082400000, 0x0000000086780000, 0x00000000d6180000)
  object space 69120K, 90% used [0x0000000082400000,0x000000008611aee8,0x0000000086780000)
 Metaspace       used 5746K, capacity 5876K, committed 6016K, reserved 1056768K
  class space    used 732K, capacity 780K, committed 896K, reserved 1048576K
Event: 479.454 GC heap after
Heap after GC invocations=1425 (full 3):
 PSYoungGen      total 683008K, used 2267K [0x00000000d6180000, 0x00000000fff80000, 0x0000000100000000)
  eden space 680448K, 0% used [0x00000000d6180000,0x00000000d6180000,0x00000000ffa00000)
  from space 2560K, 88% used [0x00000000ffd00000,0x00000000fff36d30,0x00000000fff80000)
  to   space 2560K, 0% used [0x00000000ffa80000,0x00000000ffa80000,0x00000000ffd00000)
 ParOldGen       total 69120K, used 62587K [0x0000000082400000, 0x0000000086780000, 0x00000000d6180000)
  object space 69120K, 90% used [0x0000000082400000,0x000000008611eee8,0x0000000086780000)
 Metaspace       used 5746K, capacity 5876K, committed 6016K, reserved 1056768K
  class space    used 732K, capacity 780K, committed 896K, reserved 1048576K
}
Event: 479.933 GC heap before
{Heap before GC invocations=1426 (full 3):
 PSYoungGen      total 683008K, used 682715K [0x00000000d6180000, 0x00000000fff80000, 0x0000000100000000)
  eden space 680448K, 100% used [0x00000000d6180000,0x00000000ffa00000,0x00000000ffa00000)
  from space 2560K, 88% used [0x00000000ffd00000,0x00000000fff36d30,0x00000000fff80000)
  to   space 2560K, 0% used [0x00000000ffa80000,0x00000000ffa80000,0x00000000ffd00000)
 ParOldGen       total 69120K, used 62587K [0x0000000082400000, 0x0000000086780000, 0x00000000d6180000)
  object space 69120K, 90% used [0x0000000082400000,0x000000008611eee8,0x0000000086780000)
 Metaspace       used 5746K, capacity 5876K, committed 6016K, reserved 1056768K
  class space    used 732K, capacity 780K, committed 896K, reserved 1048576K
Event: 479.941 GC heap after
Heap after GC invocations=1426 (full 3):
 PSYoungGen      total 683520K, used 2268K [0x00000000d6180000, 0x0000000100000000, 0x0000000100000000)
  eden space 680960K, 0% used [0x00000000d6180000,0x00000000d6180000,0x00000000ffa80000)
  from space 2560K, 88% used [0x00000000ffa80000,0x00000000ffcb71e8,0x00000000ffd00000)
  to   space 2560K, 0% used [0x00000000ffd80000,0x00000000ffd80000,0x0000000100000000)
 ParOldGen       total 69120K, used 64840K [0x0000000082400000, 0x0000000086780000, 0x00000000d6180000)
  object space 69120K, 93% used [0x0000000082400000,0x00000000863520d0,0x0000000086780000)
 Metaspace       used 5746K, capacity 5876K, committed 6016K, reserved 1056768K
  class space    used 732K, capacity 780K, committed 896K, reserved 1048576K
}
Event: 480.406 GC heap before
{Heap before GC invocations=1427 (full 3):
 PSYoungGen      total 683520K, used 683228K [0x00000000d6180000, 0x0000000100000000, 0x0000000100000000)
  eden space 680960K, 100% used [0x00000000d6180000,0x00000000ffa80000,0x00000000ffa80000)
  from space 2560K, 88% used [0x00000000ffa80000,0x00000000ffcb71e8,0x00000000ffd00000)
  to   space 2560K, 0% used [0x00000000ffd80000,0x00000000ffd80000,0x0000000100000000)
 ParOldGen       total 69120K, used 64840K [0x0000000082400000, 0x0000000086780000, 0x00000000d6180000)
  object space 69120K, 93% used [0x0000000082400000,0x00000000863520d0,0x0000000086780000)
 Metaspace       used 5746K, capacity 5876K, committed 6016K, reserved 1056768K
  class space    used 732K, capacity 780K, committed 896K, reserved 1048576K
Event: 480.412 GC heap after
Heap after GC invocations=1427 (full 3):
 PSYoungGen      total 684032K, used 2269K [0x00000000d6180000, 0x0000000100000000, 0x0000000100000000)
  eden space 681472K, 0% used [0x00000000d6180000,0x00000000d6180000,0x00000000ffb00000)
  from space 2560K, 88% used [0x00000000ffd80000,0x00000000fffb76a0,0x0000000100000000)
  to   space 2560K, 0% used [0x00000000ffb00000,0x00000000ffb00000,0x00000000ffd80000)
 ParOldGen       total 69120K, used 67101K [0x0000000082400000, 0x0000000086780000, 0x00000000d6180000)
  object space 69120K, 97% used [0x0000000082400000,0x0000000086587770,0x0000000086780000)
 Metaspace       used 5746K, capacity 5876K, committed 6016K, reserved 1056768K
  class space    used 732K, capacity 780K, committed 896K, reserved 1048576K
}
Event: 480.412 GC heap before
{Heap before GC invocations=1428 (full 4):
 PSYoungGen      total 684032K, used 2269K [0x00000000d6180000, 0x0000000100000000, 0x0000000100000000)
  eden space 681472K, 0% used [0x00000000d6180000,0x00000000d6180000,0x00000000ffb00000)
  from space 2560K, 88% used [0x00000000ffd80000,0x00000000fffb76a0,0x0000000100000000)
  to   space 2560K, 0% used [0x00000000ffb00000,0x00000000ffb00000,0x00000000ffd80000)
 ParOldGen       total 69120K, used 67101K [0x0000000082400000, 0x0000000086780000, 0x00000000d6180000)
  object space 69120K, 97% used [0x0000000082400000,0x0000000086587770,0x0000000086780000)
 Metaspace       used 5746K, capacity 5876K, committed 6016K, reserved 1056768K
  class space    used 732K, capacity 780K, committed 896K, reserved 1048576K

